<?xml version="1.0" encoding="UTF-8" ?>
<testsuite tests="8" failures="0" name="negocio.ManejadorSolicitudTest" time="0.214" errors="0" skipped="0">
  <properties>
[...]
</properties>
  <testcase classname="negocio.ManejadorSolicitudTest" name="given_newFriend_when_generarSolicitud_then_addedToList" time="0.002"/>
  <testcase classname="negocio.ManejadorSolicitudTest" name="given_oldFriend_when_generarSolicitud_then_not_addedToList" time="0"/>
  <testcase classname="negocio.ManejadorSolicitudTest" name="given_newFriend_when_generarSolicitud_then_reenvio" time="0.211"/>
  <testcase classname="negocio.ManejadorSolicitudTest" name="given_noFriend_when_removed_then_error" time="0"/>
  <testcase classname="negocio.ManejadorSolicitudTest" name="given_oldFriend_when_generarSolicitud_then_amigos" time="0"/>
  <testcase classname="negocio.ManejadorSolicitudTest" name="given_friendReq_when_accept_then_añadido" time="0.001"/>
  <testcase classname="negocio.ManejadorSolicitudTest" name="given_friendRequest_when_denied_then_rechazado" time="0"/>
  <testcase classname="negocio.ManejadorSolicitudTest" name="given_newFriend_when_generarSolicitud_then_ok" time="0"/>
</testsuite>